c:\users\anc\desktop\programming iii\assignment 7\emplbtree\emplbtree\debug\emplbtree.pch
c:\users\anc\desktop\programming iii\assignment 7\emplbtree\emplbtree\debug\vc141.pdb
c:\users\anc\desktop\programming iii\assignment 7\emplbtree\emplbtree\debug\vc141.idb
c:\users\anc\desktop\programming iii\assignment 7\emplbtree\emplbtree\debug\pch.obj
c:\users\anc\desktop\programming iii\assignment 7\emplbtree\emplbtree\debug\person.obj
c:\users\anc\desktop\programming iii\assignment 7\emplbtree\emplbtree\debug\employeeinfo.obj
c:\users\anc\desktop\programming iii\assignment 7\emplbtree\emplbtree\debug\date.obj
c:\users\anc\desktop\programming iii\assignment 7\emplbtree\emplbtree\debug\binarytree.obj
c:\users\anc\desktop\programming iii\assignment 7\emplbtree\emplbtree\debug\emplbtree.obj
c:\users\anc\desktop\programming iii\assignment 7\emplbtree\debug\emplbtree.pdb
c:\users\anc\desktop\programming iii\assignment 7\emplbtree\emplbtree\debug\emplbtree.tlog\cl.command.1.tlog
c:\users\anc\desktop\programming iii\assignment 7\emplbtree\emplbtree\debug\emplbtree.tlog\cl.read.1.tlog
c:\users\anc\desktop\programming iii\assignment 7\emplbtree\emplbtree\debug\emplbtree.tlog\cl.write.1.tlog
c:\users\anc\desktop\programming iii\assignment 7\emplbtree\emplbtree\debug\emplbtree.tlog\link-cvtres.read.1.tlog
c:\users\anc\desktop\programming iii\assignment 7\emplbtree\emplbtree\debug\emplbtree.tlog\link-cvtres.write.1.tlog
c:\users\anc\desktop\programming iii\assignment 7\emplbtree\emplbtree\debug\emplbtree.tlog\link-rc.read.1.tlog
c:\users\anc\desktop\programming iii\assignment 7\emplbtree\emplbtree\debug\emplbtree.tlog\link-rc.write.1.tlog
c:\users\anc\desktop\programming iii\assignment 7\emplbtree\emplbtree\debug\emplbtree.tlog\link.command.1.tlog
c:\users\anc\desktop\programming iii\assignment 7\emplbtree\emplbtree\debug\emplbtree.tlog\link.read.1.tlog
c:\users\anc\desktop\programming iii\assignment 7\emplbtree\emplbtree\debug\emplbtree.tlog\link.write.1.tlog
